[
{
  "Plan": {
    "Node Type": "Nested Loop",
    "Join Type": "Inner",
    "Startup Cost": 0.14,
    "Total Cost": 53.56,
    "Plan Rows": 1770,
    "Plan Width": 0,
    "Plans": [
      {
        "Node Type": "Index Only Scan",
        "Parent Relationship": "Outer",
        "Scan Direction": "Forward",
        "Index Name": "ix_pers_bsn",
        "Relation Name": "pers",
        "Alias": "pers",
        "Startup Cost": 0.14,
        "Total Cost": 8.16,
        "Plan Rows": 1,
        "Plan Width": 0,
        "Index Cond": "(bsn = 29342)"
      },
      {
        "Node Type": "Seq Scan",
        "Parent Relationship": "Inner",
        "Relation Name": "betr",
        "Alias": "betr",
        "Startup Cost": 0.00,
        "Total Cost": 27.70,
        "Plan Rows": 1770,
        "Plan Width": 0
      }
    ]
  }
}
]